SIM/GLOBAL/RUN_TYPE

New: MD
Previous: None
Date: 2020-06-08 19:44:15.866172
Success: True
ErrorMessage: None

SIM/GLOBAL/PRINT_LEVEL

New: LOW
Previous: None
Date: 2020-06-08 19:44:15.866197
Success: True
ErrorMessage: None

SIM/MOTION/METHOD

New: QUICKSTEP
Previous: None
Date: 2020-06-08 19:44:15.866208
Success: True
ErrorMessage: None

SIM/MOTION/STRESS_TENSOR

New: ANALYTICAL
Previous: QUICKSTEP
Date: 2020-06-08 19:44:15.866224
Success: True
ErrorMessage: None

SIM/MOTION/DFT/ABASIS_SET_FILE_NAME

New: /home/siepmann/singh891/cp2k-6.1.0/data/BASIS_MOLOPT
Previous: None
Date: 2020-06-08 19:44:15.866254
Success: True
ErrorMessage: None

SIM/MOTION/DFT/POTENTIAL_FILE_NAME

New: /home/siepmann/singh891/cp2k-6.1.0/data/GTH_POTENTIALS
Previous: None
Date: 2020-06-08 19:44:15.866261
Success: True
ErrorMessage: None

SIM/MOTION/DFT/CHARGE

New: 0
Previous: None
Date: 2020-06-08 19:44:15.866268
Success: True
ErrorMessage: None

SIM/MOTION/DFT/MULTIPLICITY

New: 1
Previous: None
Date: 2020-06-08 19:44:15.866277
Success: True
ErrorMessage: None

SIM/MOTION/DFT/MGRID/CUTOFF

New: 400
Previous: None
Date: 2020-06-08 19:44:15.866281
Success: True
ErrorMessage: None

SIM/MOTION/DFT/MGRID/REL_CUTOFF

New: 50
Previous: None
Date: 2020-06-08 19:44:15.866287
Success: True
ErrorMessage: None

SIM/MOTION/DFT/MGRID/NGRIDS

New: 4
Previous: None
Date: 2020-06-08 19:44:15.866291
Success: True
ErrorMessage: None

SIM/MOTION/DFT/ENERGY/METHOD

New: GPW
Previous: None
Date: 2020-06-08 19:44:15.866302
Success: True
ErrorMessage: None

SIM/MOTION/DFT/ENERGY/EPS_DEFAULT

New: 1e-08
Previous: None
Date: 2020-06-08 19:44:15.866326
Success: True
ErrorMessage: None

SIM/MOTION/DFT/ENERGY/EXTRAPOLATION

New: ASPC
Previous: None
Date: 2020-06-08 19:44:15.866335
Success: True
ErrorMessage: None

SIM/MOTION/DFT/POISSON/PERIODIC

New: XYZ
Previous: None
Date: 2020-06-08 19:44:15.866342
Success: True
ErrorMessage: None

SIM/MOTION/DFT/PRINT/PRINT/SECTION_PARAMETERS

New: OFF
Previous: None
Date: 2020-06-08 19:44:15.866356
Success: True
ErrorMessage: None

SIM/MOTION/DFT/SCF/SCF_GUESS

New: ATOMIC
Previous: None
Date: 2020-06-08 19:44:15.866369
Success: True
ErrorMessage: None

SIM/MOTION/DFT/SCF/MAX_SCF

New: 2
Previous: None
Date: 2020-06-08 19:44:15.866378
Success: True
ErrorMessage: None

SIM/MOTION/DFT/SCF/OT/SECTION_PARAMETERS

New: .TRUE.
Previous: None
Date: 2020-06-08 19:44:15.866395
Success: True
ErrorMessage: None

SIM/MOTION/DFT/SCF/OT/PRECONDITIONER

New: FULL_SINGLE_INVERSE
Previous: None
Date: 2020-06-08 19:44:15.866402
Success: True
ErrorMessage: None

SIM/MOTION/DFT/SCF/OT/MINIMIZER

New: DIIS
Previous: None
Date: 2020-06-08 19:44:15.866411
Success: True
ErrorMessage: None

SIM/MOTION/DFT/SCF/OUTER_SCF/SECTION_PARAMETERS

New: .TRUE.
Previous: None
Date: 2020-06-08 19:44:15.866419
Success: True
ErrorMessage: None

SIM/MOTION/DFT/SCF/OUTER_SCF/MAX_SCF

New: 2
Previous: None
Date: 2020-06-08 19:44:15.866425
Success: True
ErrorMessage: None

SIM/MOTION/DFT/SCF/OUTER_SCF/EPS_SCF

New: 1e-06
Previous: 1e-06
Date: 2020-06-08 19:44:15.866431
Success: True
ErrorMessage: None

SIM/MOTION/DFT/SCF/SCF_PRINT/FORCES/SECTION_PARAMETERS

New: OFF
Previous: None
Date: 2020-06-08 19:44:15.866438
Success: True
ErrorMessage: None

SIM/MOTION/DFT/SCF/SCF_PRINT/DM_RESTART_WRITE

New: .TRUE.
Previous: None
Date: 2020-06-08 19:44:15.866445
Success: True
ErrorMessage: None

SIM/MOTION/DFT/XC/XC_FUNCTIONAL/SECTION_PARAMETERS

New: PBE
Previous: None
Date: 2020-06-08 19:44:15.866453
Success: True
ErrorMessage: None

SIM/MOTION/DFT/XC/VDW_POTENTIAL/POTENTIAL_TYPE

New: PAIR_POTENTIAL
Previous: None
Date: 2020-06-08 19:44:15.866460
Success: True
ErrorMessage: None

SIM/MOTION/DFT/XC/VDW_POTENTIAL/PAIR_POTENTIAL/TYPE

New: DFTD3
Previous: None
Date: 2020-06-08 19:44:15.866470
Success: True
ErrorMessage: None

SIM/MOTION/DFT/XC/VDW_POTENTIAL/PAIR_POTENTIAL/PARAMETER_FILE_NAME

New: dftd3.dat
Previous: None
Date: 2020-06-08 19:44:15.866480
Success: True
ErrorMessage: None

SIM/MOTION/DFT/XC/VDW_POTENTIAL/PAIR_POTENTIAL/REFERENCE_FUNCTIONAL

New: PBE
Previous: None
Date: 2020-06-08 19:44:15.866483
Success: True
ErrorMessage: None

SIM/MOTION/DFT/XC/VDW_POTENTIAL/PAIR_POTENTIAL/R_CUTOFF

New: 11
Previous: None
Date: 2020-06-08 19:44:15.866486
Success: True
ErrorMessage: None

SIM/MOTION/SUBSYS/DFT/DEFAULT_KEYWORD

New: chlorine.xyz
Previous: None
Date: 2020-06-08 19:44:15.866498
Success: True
ErrorMessage: None

SIM/MOTION/SUBSYS/KIND/SECTION_PARAMETERS

New: Cl
Previous: None
Date: 2020-06-08 19:44:15.866789
Success: True
ErrorMessage: None

SIM/MOTION/SUBSYS/KIND/BASIS_SET

New: DZVP-MOLOPT-SR-GTH
Previous: None
Date: 2020-06-08 19:44:15.866797
Success: True
ErrorMessage: None

SIM/MOTION/SUBSYS/KIND/POTENTIAL

New: GTH-PBE
Previous: None
Date: 2020-06-08 19:44:15.866808
Success: True
ErrorMessage: None

SIM/MOTION/SUBSYS/KIND/SECTION_PARAMETERS

New: F
Previous: None
Date: 2020-06-08 19:44:15.866820
Success: True
ErrorMessage: None

SIM/MOTION/SUBSYS/KIND/BASIS_SET

New: DZVP-MOLOPT-SR-GTH
Previous: None
Date: 2020-06-08 19:44:15.866823
Success: True
ErrorMessage: None

SIM/MOTION/SUBSYS/KIND/POTENTIAL

New: GTH-PBE
Previous: None
Date: 2020-06-08 19:44:15.866826
Success: True
ErrorMessage: None

SIM/MOTION/SUBSYS/DFT/ABC

New: 11.0 11.0 11.0
Previous: None
Date: 2020-06-08 19:44:15.866873
Success: True
ErrorMessage: None

SIM/MOTION/GEO_OPT/MAX_DR

New: BFGS
Previous: None
Date: 2020-06-08 19:44:15.866883
Success: True
ErrorMessage: None

SIM/MOTION/GEO_OPT/MAX_ITER

New: 100
Previous: None
Date: 2020-06-08 19:44:15.866890
Success: True
ErrorMessage: None

SIM/MOTION/GEO_OPT/MAX_FORCE

New: 0.003
Previous: None
Date: 2020-06-08 19:44:15.866898
Success: True
ErrorMessage: None

SIM/MOTION/MD/ENSEMBLE

New: NVT
Previous: None
Date: 2020-06-08 19:44:15.866906
Success: True
ErrorMessage: None

SIM/MOTION/MD/STEPS

New: 2
Previous: None
Date: 2020-06-08 19:44:15.866912
Success: True
ErrorMessage: None

SIM/MOTION/MD/TIMESTEP

New: 1.0
Previous: None
Date: 2020-06-08 19:44:15.866930
Success: True
ErrorMessage: None

SIM/MOTION/MD/TEMPERATURE

New: 273.15
Previous: None
Date: 2020-06-08 19:44:15.866944
Success: True
ErrorMessage: None

SIM/MOTION/MD/THERMOSTAT/TYPE

New: NOSE
Previous: None
Date: 2020-06-08 19:44:15.866955
Success: True
ErrorMessage: None

SIM/MOTION/MD/THERMOSTAT/REGION

New: MASSIVE
Previous: None
Date: 2020-06-08 19:44:15.866959
Success: True
ErrorMessage: None

SIM/MOTION/MD/THERMOSTAT/NOSE/LENGTH

New: 3
Previous: None
Date: 2020-06-08 19:44:15.866966
Success: True
ErrorMessage: None

SIM/MOTION/MD/THERMOSTAT/NOSE/YOSHIDA

New: 3
Previous: None
Date: 2020-06-08 19:44:15.866970
Success: True
ErrorMessage: None

SIM/MOTION/MD/THERMOSTAT/NOSE/TIMECON

New: 1000.0
Previous: None
Date: 2020-06-08 19:44:15.866974
Success: True
ErrorMessage: None

SIM/MOTION/MD/THERMOSTAT/NOSE/MTS

New: 2
Previous: None
Date: 2020-06-08 19:44:15.866977
Success: True
ErrorMessage: None

SIM/MOTION/PRINT/STRESS/SECTION_PARAMETERS

New: OFF
Previous: None
Date: 2020-06-08 19:44:15.866985
Success: True
ErrorMessage: None

SIM/MOTION/PRINT/TRAJECTORY/EACH/MD

New: 1
Previous: None
Date: 2020-06-08 19:44:15.866994
Success: True
ErrorMessage: None

SIM/MOTION/PRINT/VELOCITIES/SECTION_PARAMETERS

New: OFF
Previous: None
Date: 2020-06-08 19:44:15.867001
Success: True
ErrorMessage: None

SIM/MOTION/PRINT/FORCES/SECTION_PARAMETERS

New: OFF
Previous: None
Date: 2020-06-08 19:44:15.867008
Success: True
ErrorMessage: None

SIM/MOTION/PRINT/FORCES/SECTION_PARAMETERS

New: ON
Previous: None
Date: 2020-06-08 19:44:15.867018
Success: True
ErrorMessage: None

SIM/MOTION/PRINT/FORCES/EACH/MD

New: 500
Previous: None
Date: 2020-06-08 19:44:15.867026
Success: True
ErrorMessage: None

SIM/MOTION/PRINT/FORCES/SECTION_PARAMETERS

New: ON
Previous: None
Date: 2020-06-08 19:44:15.867033
Success: True
ErrorMessage: None

SIM/MOTION/PRINT/FORCES/BACKUP_COPIES

New: 3
Previous: None
Date: 2020-06-08 19:44:15.867037
Success: True
ErrorMessage: None

SIM/MOTION/PRINT/FORCES/EACH/MD

New: 1
Previous: None
Date: 2020-06-08 19:44:15.867043
Success: True
ErrorMessage: None

