SIM/GLOBAL/RUN_TYPE

New: GEO_OPT
Previous: None
Date: 2020-06-08 19:44:14.993345
Success: True
ErrorMessage: None

SIM/GLOBAL/PRINT_LEVEL

New: LOW
Previous: None
Date: 2020-06-08 19:44:14.993357
Success: True
ErrorMessage: None

SIM/MOTION/METHOD

New: QUICKSTEP
Previous: None
Date: 2020-06-08 19:44:14.993362
Success: True
ErrorMessage: None

SIM/MOTION/SUBSYS/DFT/ABC

New: 22.0 22.0 22.0
Previous: None
Date: 2020-06-08 19:44:14.993394
Success: True
ErrorMessage: None

SIM/MOTION/SUBSYS/DFT/DEFAULT_KEYWORD

New: mol_unopt_coord.xyz
Previous: None
Date: 2020-06-08 19:44:14.993398
Success: True
ErrorMessage: None

SIM/MOTION/SUBSYS/KIND/SECTION_PARAMETERS

New: Cl
Previous: None
Date: 2020-06-08 19:44:14.993473
Success: True
ErrorMessage: None

SIM/MOTION/SUBSYS/KIND/BASIS_SET

New: DZVP-MOLOPT-SR-GTH
Previous: None
Date: 2020-06-08 19:44:14.993478
Success: True
ErrorMessage: None

SIM/MOTION/SUBSYS/KIND/POTENTIAL

New: GTH-PBE
Previous: None
Date: 2020-06-08 19:44:14.993503
Success: True
ErrorMessage: None

SIM/MOTION/SUBSYS/KIND/SECTION_PARAMETERS

New: F
Previous: None
Date: 2020-06-08 19:44:14.993507
Success: True
ErrorMessage: None

SIM/MOTION/SUBSYS/KIND/BASIS_SET

New: DZVP-MOLOPT-SR-GTH
Previous: None
Date: 2020-06-08 19:44:14.993510
Success: True
ErrorMessage: None

SIM/MOTION/SUBSYS/KIND/POTENTIAL

New: GTH-PBE
Previous: None
Date: 2020-06-08 19:44:14.993514
Success: True
ErrorMessage: None

SIM/MOTION/DFT/ABASIS_SET_FILE_NAME

New: /home/siepmann/singh891/cp2k-6.1.0/data/BASIS_MOLOPT
Previous: None
Date: 2020-06-08 19:44:14.993523
Success: True
ErrorMessage: None

SIM/MOTION/DFT/POTENTIAL_FILE_NAME

New: /home/siepmann/singh891/cp2k-6.1.0/data/GTH_POTENTIALS
Previous: None
Date: 2020-06-08 19:44:14.993526
Success: True
ErrorMessage: None

SIM/MOTION/DFT/ENERGY/EPS_DEFAULT

New: 1e-10
Previous: None
Date: 2020-06-08 19:44:14.993531
Success: True
ErrorMessage: None

SIM/MOTION/DFT/MGRID/CUTOFF

New: 400
Previous: None
Date: 2020-06-08 19:44:14.993535
Success: True
ErrorMessage: None

SIM/MOTION/DFT/MGRID/REL_CUTOFF

New: 50
Previous: None
Date: 2020-06-08 19:44:14.993538
Success: True
ErrorMessage: None

SIM/MOTION/DFT/MGRID/NGRIDS

New: 5
Previous: None
Date: 2020-06-08 19:44:14.993542
Success: True
ErrorMessage: None

SIM/MOTION/DFT/XC/XC_FUNCTIONAL/SECTION_PARAMETERS

New: PBE
Previous: None
Date: 2020-06-08 19:44:14.993549
Success: True
ErrorMessage: None

SIM/MOTION/DFT/XC/VDW_POTENTIAL/POTENTIAL_TYPE

New: PAIR_POTENTIAL
Previous: None
Date: 2020-06-08 19:44:14.993555
Success: True
ErrorMessage: None

SIM/MOTION/DFT/XC/VDW_POTENTIAL/PAIR_POTENTIAL/TYPE

New: DFTD3
Previous: None
Date: 2020-06-08 19:44:14.993560
Success: True
ErrorMessage: None

SIM/MOTION/DFT/XC/VDW_POTENTIAL/PAIR_POTENTIAL/PARAMETER_FILE_NAME

New: dftd3.dat
Previous: None
Date: 2020-06-08 19:44:14.993569
Success: True
ErrorMessage: None

SIM/MOTION/DFT/XC/VDW_POTENTIAL/PAIR_POTENTIAL/REFERENCE_FUNCTIONAL

New: PBE
Previous: None
Date: 2020-06-08 19:44:14.993573
Success: True
ErrorMessage: None

SIM/MOTION/DFT/XC/VDW_POTENTIAL/PAIR_POTENTIAL/R_CUTOFF

New: 11
Previous: None
Date: 2020-06-08 19:44:14.993576
Success: True
ErrorMessage: None

SIM/MOTION/DFT/SCF/SCF_GUESS

New: ATOMIC
Previous: None
Date: 2020-06-08 19:44:14.993581
Success: True
ErrorMessage: None

SIM/MOTION/DFT/SCF/MAX_SCF

New: 200
Previous: None
Date: 2020-06-08 19:44:14.993584
Success: True
ErrorMessage: None

SIM/MOTION/GEO_OPT/TYPE

New: MINIMIZATION
Previous: None
Date: 2020-06-08 19:44:14.993592
Success: True
ErrorMessage: None

SIM/MOTION/GEO_OPT/MAX_DR

New: BFGS
Previous: None
Date: 2020-06-08 19:44:14.993600
Success: True
ErrorMessage: None

SIM/MOTION/GEO_OPT/MAX_ITER

New: 2
Previous: None
Date: 2020-06-08 19:44:14.993605
Success: True
ErrorMessage: None

SIM/MOTION/GEO_OPT/MAX_FORCE

New: 0.001
Previous: None
Date: 2020-06-08 19:44:14.993610
Success: True
ErrorMessage: None

SIM/MOTION/CONSTRAINT/FIXED_ATOMS/LIST

New: 1
Previous: None
Date: 2020-06-08 19:44:14.993624
Success: True
ErrorMessage: None

